+ export NCCL_SOCKET_IFNAME=ib0
+ NCCL_SOCKET_IFNAME=ib0
+ export SRUN_CPUS_PER_TASK=96
+ SRUN_CPUS_PER_TASK=96
+ source /p/project/training2405/sc_venv_sbi/activate.sh
++ SOURCE_PATH=/p/project/training2405/sc_venv_sbi/activate.sh
+++ dirname /p/project/training2405/sc_venv_sbi/activate.sh
++ RELATIVE_PATH=/p/project/training2405/sc_venv_sbi
+++ realpath /p/project/training2405/sc_venv_sbi
++ ABSOLUTE_PATH=/p/project/training2405/sc_venv_sbi
++ [[ /var/spool/parastation/jobs/589358 != \/\p\/\p\r\o\j\e\c\t\/\t\r\a\i\n\i\n\g\2\4\0\5\/\s\c\_\v\e\n\v\_\s\b\i\/\a\c\t\i\v\a\t\e\.\s\h ]]
++ echo 'The activation script must be sourced, otherwise the virtual environment will not work.'
++ source /p/project/training2405/sc_venv_sbi/config.sh
+++ SOURCE_PATH=/p/project/training2405/sc_venv_sbi/config.sh
+++ [[ /var/spool/parastation/jobs/589358 != \/\p\/\p\r\o\j\e\c\t\/\t\r\a\i\n\i\n\g\2\4\0\5\/\s\c\_\v\e\n\v\_\s\b\i\/\c\o\n\f\i\g\.\s\h ]]
+++ echo 'Setting vars'
++++ dirname /p/project/training2405/sc_venv_sbi/config.sh
+++ RELATIVE_PATH=/p/project/training2405/sc_venv_sbi
++++ realpath /p/project/training2405/sc_venv_sbi
+++ ABSOLUTE_PATH=/p/project/training2405/sc_venv_sbi
++++ basename /p/project/training2405/sc_venv_sbi
+++ export ENV_NAME=sc_venv_sbi
+++ ENV_NAME=sc_venv_sbi
+++ export ENV_DIR=/p/project/training2405/sc_venv_sbi/venv
+++ ENV_DIR=/p/project/training2405/sc_venv_sbi/venv
++ source /p/project/training2405/sc_venv_sbi/modules.sh
+++ module purge
+++ '[' -z '' ']'
+++ case "$-" in
+++ __lmod_sh_dbg=x
+++ '[' -n x ']'
+++ set +x
Shell debugging temporarily silenced: export LMOD_SH_DBG_ON=1 for Lmod's output
The following modules were not unloaded:
  (Use "module --force purge" to unload all):

  1) Stages/2024
Shell debugging restarted
+++ unset __lmod_sh_dbg
+++ return 0
+++ module load Stages/2024
+++ '[' -z '' ']'
+++ case "$-" in
+++ __lmod_sh_dbg=x
+++ '[' -n x ']'
+++ set +x
Shell debugging temporarily silenced: export LMOD_SH_DBG_ON=1 for Lmod's output
Shell debugging restarted
+++ unset __lmod_sh_dbg
+++ return 0
+++ module load GCC
+++ '[' -z '' ']'
+++ case "$-" in
+++ __lmod_sh_dbg=x
+++ '[' -n x ']'
+++ set +x
Shell debugging temporarily silenced: export LMOD_SH_DBG_ON=1 for Lmod's output
Shell debugging restarted
+++ unset __lmod_sh_dbg
+++ return 0
+++ module load numba tqdm matplotlib IPython SciPy-Stack bokeh git
+++ '[' -z '' ']'
+++ case "$-" in
+++ __lmod_sh_dbg=x
+++ '[' -n x ']'
+++ set +x
Shell debugging temporarily silenced: export LMOD_SH_DBG_ON=1 for Lmod's output
Shell debugging restarted
+++ unset __lmod_sh_dbg
+++ return 0
+++ module load Flask Seaborn
+++ '[' -z '' ']'
+++ case "$-" in
+++ __lmod_sh_dbg=x
+++ '[' -n x ']'
+++ set +x
Shell debugging temporarily silenced: export LMOD_SH_DBG_ON=1 for Lmod's output
Shell debugging restarted
+++ unset __lmod_sh_dbg
+++ return 0
+++ module load tornado
+++ '[' -z '' ']'
+++ case "$-" in
+++ __lmod_sh_dbg=x
+++ '[' -n x ']'
+++ set +x
Shell debugging temporarily silenced: export LMOD_SH_DBG_ON=1 for Lmod's output
Shell debugging restarted
+++ unset __lmod_sh_dbg
+++ return 0
+++ module load PyTorch scikit-learn torchvision PyTorch-Lightning
+++ '[' -z '' ']'
+++ case "$-" in
+++ __lmod_sh_dbg=x
+++ '[' -n x ']'
+++ set +x
Shell debugging temporarily silenced: export LMOD_SH_DBG_ON=1 for Lmod's output
Shell debugging restarted
+++ unset __lmod_sh_dbg
+++ return 0
+++ echo /p/project/training2405/sc_venv_sbi/venv/lib/python3.11/site-packages
++ export PYTHONPATH=/p/project/training2405/sc_venv_sbi/venv/lib/python3.11/site-packages:/p/software/jusuf/stages/2024/software/PyTorch-Lightning/2.1.3-gcccoreflexiblas-12.3.0-3.3.1/lib/python3.11/site-packages:/p/software/jusuf/stages/2024/software/tensorboard/2.15.1-gcccoreflexiblas-12.3.0-3.3.1/lib/python3.11/site-packages:/p/software/jusuf/stages/2024/software/torchvision/0.16.2-gcccoreflexiblas-12.3.0-3.3.1/lib/python3.11/site-packages:/p/software/jusuf/stages/2024/software/scikit-learn/1.3.1-gcccoreflexiblas-12.3.0-3.3.1/lib/python3.11/site-packages:/p/software/jusuf/stages/2024/software/PyTorch/2.1.2-gcccoreflexiblas-12.3.0-3.3.1/lib/python3.11/site-packages:/p/software/jusuf/stages/2024/software/boto3/1.28.70-GCCcore-12.3.0/lib/python3.11/site-packages:/p/software/jusuf/stages/2024/software/networkx/3.1-GCCcore-12.3.0/lib/python3.11/site-packages:/p/software/jusuf/stages/2024/software/expecttest/0.1.5-GCCcore-12.3.0/lib/python3.11/site-packages:/p/software/jusuf/stages/2024/software/poetry/1.5.1-GCCcore-12.3.0/lib/python3.11/site-packages:/p/software/jusuf/stages/2024/software/protobuf-python/4.24.0-GCCcore-12.3.0/lib/python3.11/site-packages:/p/software/jusuf/stages/2024/software/tornado/6.3.2-GCCcore-12.3.0/lib/python3.11/site-packages:/p/software/jusuf/stages/2024/software/Seaborn/0.12.2-gcccoreflexiblas-12.3.0-3.3.1/lib/python3.11/site-packages:/p/software/jusuf/stages/2024/software/Flask/2.3.2-GCCcore-12.3.0/lib/python3.11/site-packages:/p/software/jusuf/stages/2024/software/bokeh/3.2.2-gcccoreflexiblas-12.3.0-3.3.1/lib/python3.11/site-packages:/p/software/jusuf/stages/2024/software/PyYAML/6.0-GCCcore-12.3.0/lib/python3.11/site-packages:/p/software/jusuf/stages/2024/software/xarray/2023.8.0-gcccoreflexiblas-12.3.0-3.3.1/lib/python3.11/site-packages:/p/software/jusuf/stages/2024/software/sympy/1.12-gcccoreflexiblas-12.3.0-3.3.1/lib/python3.11/site-packages:/p/software/jusuf/stages/2024/software/gmpy2/2.1.5-GCCcore-12.3.0/lib/python3.11/site-packages:/p/software/jusuf/stages/2024/software/IPython/8.14.0-GCCcore-12.3.0/lib/python3.11/site-packages:/p/software/jusuf/stages/2024/software/BeautifulSoup/4.12.2-GCCcore-12.3.0/lib/python3.11/site-packages:/p/software/jusuf/stages/2024/software/hatchling/1.18.0-GCCcore-12.3.0/lib/python3.11/site-packages:/p/software/jusuf/stages/2024/software/lxml/4.9.2-GCCcore-12.3.0/lib/python3.11/site-packages:/p/software/jusuf/stages/2024/software/matplotlib/3.7.2-gcccoreflexiblas-12.3.0-3.3.1/lib/python3.11/site-packages:/p/software/jusuf/stages/2024/software/meson-python/0.13.2-GCCcore-12.3.0/lib/python3.11/site-packages:/p/software/jusuf/stages/2024/software/Meson/1.1.1-GCCcore-12.3.0/lib/python3.11/site-packages:/p/software/jusuf/stages/2024/software/Pillow-SIMD/9.5.0-GCCcore-12.3.0/lib/python3.11/site-packages:/p/software/jusuf/stages/2024/software/Tkinter/3.11.3-GCCcore-12.3.0/lib/python3.11/site-packages:/p/software/jusuf/stages/2024/software/tqdm/4.66.1-GCCcore-12.3.0/lib/python3.11/site-packages:/p/software/jusuf/stages/2024/software/numba/0.58.1-GCCcore-12.3.0/lib/python3.11/site-packages:/p/software/jusuf/stages/2024/software/SciPy-bundle/2023.07-gcccoreflexiblas-12.3.0-3.3.1/lib/python3.11/site-packages:/p/software/jusuf/stages/2024/software/pybind11/2.11.1-GCCcore-12.3.0/lib/python3.11/site-packages:/p/software/jusuf/stages/2024/software/Python-bundle-PyPI/2023.06-GCCcore-12.3.0/lib/python3.11/site-packages:/p/software/jusuf/stages/2024/software/virtualenv/20.23.1-GCCcore-12.3.0/lib/python3.11/site-packages:/p/software/jusuf/stages/2024/software/cryptography/41.0.1-GCCcore-12.3.0/lib/python3.11/site-packages:/p/software/jusuf/stages/2024/software/cffi/1.15.1-GCCcore-12.3.0/lib/python3.11/site-packages:/p/software/jusuf/stages/2024/software/Python/3.11.3-GCCcore-12.3.0/easybuild/python
++ PYTHONPATH=/p/project/training2405/sc_venv_sbi/venv/lib/python3.11/site-packages:/p/software/jusuf/stages/2024/software/PyTorch-Lightning/2.1.3-gcccoreflexiblas-12.3.0-3.3.1/lib/python3.11/site-packages:/p/software/jusuf/stages/2024/software/tensorboard/2.15.1-gcccoreflexiblas-12.3.0-3.3.1/lib/python3.11/site-packages:/p/software/jusuf/stages/2024/software/torchvision/0.16.2-gcccoreflexiblas-12.3.0-3.3.1/lib/python3.11/site-packages:/p/software/jusuf/stages/2024/software/scikit-learn/1.3.1-gcccoreflexiblas-12.3.0-3.3.1/lib/python3.11/site-packages:/p/software/jusuf/stages/2024/software/PyTorch/2.1.2-gcccoreflexiblas-12.3.0-3.3.1/lib/python3.11/site-packages:/p/software/jusuf/stages/2024/software/boto3/1.28.70-GCCcore-12.3.0/lib/python3.11/site-packages:/p/software/jusuf/stages/2024/software/networkx/3.1-GCCcore-12.3.0/lib/python3.11/site-packages:/p/software/jusuf/stages/2024/software/expecttest/0.1.5-GCCcore-12.3.0/lib/python3.11/site-packages:/p/software/jusuf/stages/2024/software/poetry/1.5.1-GCCcore-12.3.0/lib/python3.11/site-packages:/p/software/jusuf/stages/2024/software/protobuf-python/4.24.0-GCCcore-12.3.0/lib/python3.11/site-packages:/p/software/jusuf/stages/2024/software/tornado/6.3.2-GCCcore-12.3.0/lib/python3.11/site-packages:/p/software/jusuf/stages/2024/software/Seaborn/0.12.2-gcccoreflexiblas-12.3.0-3.3.1/lib/python3.11/site-packages:/p/software/jusuf/stages/2024/software/Flask/2.3.2-GCCcore-12.3.0/lib/python3.11/site-packages:/p/software/jusuf/stages/2024/software/bokeh/3.2.2-gcccoreflexiblas-12.3.0-3.3.1/lib/python3.11/site-packages:/p/software/jusuf/stages/2024/software/PyYAML/6.0-GCCcore-12.3.0/lib/python3.11/site-packages:/p/software/jusuf/stages/2024/software/xarray/2023.8.0-gcccoreflexiblas-12.3.0-3.3.1/lib/python3.11/site-packages:/p/software/jusuf/stages/2024/software/sympy/1.12-gcccoreflexiblas-12.3.0-3.3.1/lib/python3.11/site-packages:/p/software/jusuf/stages/2024/software/gmpy2/2.1.5-GCCcore-12.3.0/lib/python3.11/site-packages:/p/software/jusuf/stages/2024/software/IPython/8.14.0-GCCcore-12.3.0/lib/python3.11/site-packages:/p/software/jusuf/stages/2024/software/BeautifulSoup/4.12.2-GCCcore-12.3.0/lib/python3.11/site-packages:/p/software/jusuf/stages/2024/software/hatchling/1.18.0-GCCcore-12.3.0/lib/python3.11/site-packages:/p/software/jusuf/stages/2024/software/lxml/4.9.2-GCCcore-12.3.0/lib/python3.11/site-packages:/p/software/jusuf/stages/2024/software/matplotlib/3.7.2-gcccoreflexiblas-12.3.0-3.3.1/lib/python3.11/site-packages:/p/software/jusuf/stages/2024/software/meson-python/0.13.2-GCCcore-12.3.0/lib/python3.11/site-packages:/p/software/jusuf/stages/2024/software/Meson/1.1.1-GCCcore-12.3.0/lib/python3.11/site-packages:/p/software/jusuf/stages/2024/software/Pillow-SIMD/9.5.0-GCCcore-12.3.0/lib/python3.11/site-packages:/p/software/jusuf/stages/2024/software/Tkinter/3.11.3-GCCcore-12.3.0/lib/python3.11/site-packages:/p/software/jusuf/stages/2024/software/tqdm/4.66.1-GCCcore-12.3.0/lib/python3.11/site-packages:/p/software/jusuf/stages/2024/software/numba/0.58.1-GCCcore-12.3.0/lib/python3.11/site-packages:/p/software/jusuf/stages/2024/software/SciPy-bundle/2023.07-gcccoreflexiblas-12.3.0-3.3.1/lib/python3.11/site-packages:/p/software/jusuf/stages/2024/software/pybind11/2.11.1-GCCcore-12.3.0/lib/python3.11/site-packages:/p/software/jusuf/stages/2024/software/Python-bundle-PyPI/2023.06-GCCcore-12.3.0/lib/python3.11/site-packages:/p/software/jusuf/stages/2024/software/virtualenv/20.23.1-GCCcore-12.3.0/lib/python3.11/site-packages:/p/software/jusuf/stages/2024/software/cryptography/41.0.1-GCCcore-12.3.0/lib/python3.11/site-packages:/p/software/jusuf/stages/2024/software/cffi/1.15.1-GCCcore-12.3.0/lib/python3.11/site-packages:/p/software/jusuf/stages/2024/software/Python/3.11.3-GCCcore-12.3.0/easybuild/python
++ source /p/project/training2405/sc_venv_sbi/venv/bin/activate
+++ deactivate nondestructive
+++ '[' -n '' ']'
+++ '[' -n '' ']'
+++ '[' -n /bin/bash -o -n '' ']'
+++ hash -r
+++ '[' -n '' ']'
+++ unset VIRTUAL_ENV
+++ unset VIRTUAL_ENV_PROMPT
+++ '[' '!' nondestructive = nondestructive ']'
+++ VIRTUAL_ENV=/p/project/training2405/sc_venv_sbi/venv
+++ export VIRTUAL_ENV
+++ _OLD_VIRTUAL_PATH=/p/software/jusuf/stages/2024/software/tensorboard/2.15.1-gcccoreflexiblas-12.3.0-3.3.1/bin:/p/software/jusuf/stages/2024/software/PyTorch/2.1.2-gcccoreflexiblas-12.3.0-3.3.1/bin:/p/software/jusuf/stages/2024/software/UCX/default-GCCcore-12.3.0/bin:/p/software/jusuf/stages/2024/software/boto3/1.28.70-GCCcore-12.3.0/bin:/p/software/jusuf/stages/2024/software/Z3/4.12.2-GCCcore-12.3.0/bin:/p/software/jusuf/stages/2024/software/poetry/1.5.1-GCCcore-12.3.0/bin:/p/software/jusuf/stages/2024/software/FFmpeg/6.0-GCCcore-12.3.0/bin:/p/software/jusuf/stages/2024/software/SDL2/2.28.2-GCCcore-12.3.0/bin:/p/software/jusuf/stages/2024/software/FriBidi/1.0.13-GCCcore-12.3.0/bin:/p/software/jusuf/stages/2024/software/x265/3.5-GCCcore-12.3.0/bin:/p/software/jusuf/stages/2024/software/LAME/3.100-GCCcore-12.3.0/bin:/p/software/jusuf/stages/2024/software/x264/20230226-GCCcore-12.3.0/bin:/p/software/jusuf/stages/2024/software/numactl/2.0.16-GCCcore-12.3.0/bin:/p/software/jusuf/stages/2024/software/protobuf/24.0-GCCcore-12.3.0/bin:/p/software/jusuf/stages/2024/software/Flask/2.3.2-GCCcore-12.3.0/bin:/p/software/jusuf/stages/2024/software/git/2.41.0-GCCcore-12.3.0-nodocs/bin:/p/software/jusuf/stages/2024/software/Perl/5.36.1-GCCcore-12.3.0/bin:/p/software/jusuf/stages/2024/software/gettext/0.21.1-GCCcore-12.3.0/bin:/p/software/jusuf/stages/2024/software/cURL/8.0.1-GCCcore-12.3.0/bin:/p/software/jusuf/stages/2024/software/bokeh/3.2.2-gcccoreflexiblas-12.3.0-3.3.1/bin:/p/software/jusuf/stages/2024/software/sympy/1.12-gcccoreflexiblas-12.3.0-3.3.1/bin:/p/software/jusuf/stages/2024/software/IPython/8.14.0-GCCcore-12.3.0/bin:/p/software/jusuf/stages/2024/software/hatchling/1.18.0-GCCcore-12.3.0/bin:/p/software/jusuf/stages/2024/software/libxslt/1.1.38-GCCcore-12.3.0/bin:/p/software/jusuf/stages/2024/software/libxml2/2.11.4-GCCcore-12.3.0/bin:/p/software/jusuf/stages/2024/software/ZeroMQ/4.3.4-GCCcore-12.3.0/bin:/p/software/jusuf/stages/2024/software/matplotlib/3.7.2-gcccoreflexiblas-12.3.0-3.3.1/bin:/p/software/jusuf/stages/2024/software/Meson/1.1.1-GCCcore-12.3.0/bin:/p/software/jusuf/stages/2024/software/Ninja/1.11.1-GCCcore-12.3.0/bin:/p/software/jusuf/stages/2024/software/Qhull/2020.2-GCCcore-12.3.0/bin:/p/software/jusuf/stages/2024/software/OpenJPEG/2.5.0-GCCcore-12.3.0/bin:/p/software/jusuf/stages/2024/software/libwebp/1.3.1-GCCcore-12.3.0/bin:/p/software/jusuf/stages/2024/software/giflib/5.2.1-GCCcore-12.3.0/bin:/p/software/jusuf/stages/2024/software/LibTIFF/4.5.0-GCCcore-12.3.0/bin:/p/software/jusuf/stages/2024/software/libdeflate/1.18-GCCcore-12.3.0/bin:/p/software/jusuf/stages/2024/software/zstd/1.5.5-GCCcore-12.3.0/bin:/p/software/jusuf/stages/2024/software/lz4/1.9.4-GCCcore-12.3.0/bin:/p/software/jusuf/stages/2024/software/gzip/1.12-GCCcore-12.3.0/bin:/p/software/jusuf/stages/2024/software/jbigkit/2.1-GCCcore-12.3.0/bin:/p/software/jusuf/stages/2024/software/libjpeg-turbo/2.1.5.1-GCCcore-12.3.0/bin:/p/software/jusuf/stages/2024/software/NASM/2.16.01-GCCcore-12.3.0/bin:/p/software/jusuf/stages/2024/software/Tk/8.6.13-GCCcore-12.3.0/bin:/p/software/jusuf/stages/2024/software/X11/20230603-GCCcore-12.3.0/bin:/p/software/jusuf/stages/2024/software/fontconfig/2.14.2-GCCcore-12.3.0/bin:/p/software/jusuf/stages/2024/software/util-linux/2.39-GCCcore-12.3.0/sbin:/p/software/jusuf/stages/2024/software/util-linux/2.39-GCCcore-12.3.0/bin:/p/software/jusuf/stages/2024/software/expat/2.5.0-GCCcore-12.3.0/bin:/p/software/jusuf/stages/2024/software/freetype/2.13.0-GCCcore-12.3.0/bin:/p/software/jusuf/stages/2024/software/Brotli/1.0.9-GCCcore-12.3.0/bin:/p/software/jusuf/stages/2024/software/libpng/1.6.39-GCCcore-12.3.0/bin:/p/software/jusuf/stages/2024/software/tqdm/4.66.1-GCCcore-12.3.0/bin:/p/software/jusuf/stages/2024/software/numba/0.58.1-GCCcore-12.3.0/bin:/p/software/jusuf/stages/2024/software/CUDA/12/nvvm/bin:/p/software/jusuf/stages/2024/software/CUDA/12/bin:/p/software/jusuf/stages/2024/software/SciPy-bundle/2023.07-gcccoreflexiblas-12.3.0-3.3.1/bin:/p/software/jusuf/stages/2024/software/pybind11/2.11.1-GCCcore-12.3.0/bin:/p/software/jusuf/stages/2024/software/Python-bundle-PyPI/2023.06-GCCcore-12.3.0/bin:/p/software/jusuf/stages/2024/software/virtualenv/20.23.1-GCCcore-12.3.0/bin:/p/software/jusuf/stages/2024/software/FlexiBLAS/3.3.1-GCCcore-12.3.0/bin:/p/software/jusuf/stages/2024/software/Python/3.11.3-GCCcore-12.3.0/bin:/p/software/jusuf/stages/2024/software/OpenSSL/1.1/bin:/p/software/jusuf/stages/2024/software/XZ/5.4.2-GCCcore-12.3.0/bin:/p/software/jusuf/stages/2024/software/SQLite/3.42.0-GCCcore-12.3.0/bin:/p/software/jusuf/stages/2024/software/Tcl/8.6.13-GCCcore-12.3.0/bin:/p/software/jusuf/stages/2024/software/ncurses/6.4-GCCcore-12.3.0/bin:/p/software/jusuf/stages/2024/software/bzip2/1.0.8-GCCcore-12.3.0/bin:/p/software/jusuf/stages/2024/software/binutils/2.40-GCCcore-12.3.0/bin:/p/software/jusuf/stages/2024/software/GCCcore/12.3.0/bin:/p/home/jusers/bazarova1/jusuf/.vscode-server/cli/servers/Stable-dc96b837cf6bb4af9cd736aa3af08cf8279f7685/server/bin/remote-cli:/p/home/jusers/bazarova1/jusuf/.elan/bin:/p/home/jusers/bazarova1/jusuf/.elan/bin:/usr/local/bin:/usr/bin:/usr/local/sbin:/usr/sbin:/opt/ddn/ime/bin:/opt/jsc/bin:/usr/local/jsc/bin:/opt/parastation/bin:/p/software/jusuf/bin:/opt/ddn/ime/bin:/opt/jsc/bin:/usr/local/jsc/bin:/opt/parastation/bin:/p/software/jusuf/bin:/opt/ddn/ime/bin:/opt/jsc/bin:/usr/local/jsc/bin:/opt/parastation/bin:/p/software/jusuf/bin
+++ PATH=/p/project/training2405/sc_venv_sbi/venv/bin:/p/software/jusuf/stages/2024/software/tensorboard/2.15.1-gcccoreflexiblas-12.3.0-3.3.1/bin:/p/software/jusuf/stages/2024/software/PyTorch/2.1.2-gcccoreflexiblas-12.3.0-3.3.1/bin:/p/software/jusuf/stages/2024/software/UCX/default-GCCcore-12.3.0/bin:/p/software/jusuf/stages/2024/software/boto3/1.28.70-GCCcore-12.3.0/bin:/p/software/jusuf/stages/2024/software/Z3/4.12.2-GCCcore-12.3.0/bin:/p/software/jusuf/stages/2024/software/poetry/1.5.1-GCCcore-12.3.0/bin:/p/software/jusuf/stages/2024/software/FFmpeg/6.0-GCCcore-12.3.0/bin:/p/software/jusuf/stages/2024/software/SDL2/2.28.2-GCCcore-12.3.0/bin:/p/software/jusuf/stages/2024/software/FriBidi/1.0.13-GCCcore-12.3.0/bin:/p/software/jusuf/stages/2024/software/x265/3.5-GCCcore-12.3.0/bin:/p/software/jusuf/stages/2024/software/LAME/3.100-GCCcore-12.3.0/bin:/p/software/jusuf/stages/2024/software/x264/20230226-GCCcore-12.3.0/bin:/p/software/jusuf/stages/2024/software/numactl/2.0.16-GCCcore-12.3.0/bin:/p/software/jusuf/stages/2024/software/protobuf/24.0-GCCcore-12.3.0/bin:/p/software/jusuf/stages/2024/software/Flask/2.3.2-GCCcore-12.3.0/bin:/p/software/jusuf/stages/2024/software/git/2.41.0-GCCcore-12.3.0-nodocs/bin:/p/software/jusuf/stages/2024/software/Perl/5.36.1-GCCcore-12.3.0/bin:/p/software/jusuf/stages/2024/software/gettext/0.21.1-GCCcore-12.3.0/bin:/p/software/jusuf/stages/2024/software/cURL/8.0.1-GCCcore-12.3.0/bin:/p/software/jusuf/stages/2024/software/bokeh/3.2.2-gcccoreflexiblas-12.3.0-3.3.1/bin:/p/software/jusuf/stages/2024/software/sympy/1.12-gcccoreflexiblas-12.3.0-3.3.1/bin:/p/software/jusuf/stages/2024/software/IPython/8.14.0-GCCcore-12.3.0/bin:/p/software/jusuf/stages/2024/software/hatchling/1.18.0-GCCcore-12.3.0/bin:/p/software/jusuf/stages/2024/software/libxslt/1.1.38-GCCcore-12.3.0/bin:/p/software/jusuf/stages/2024/software/libxml2/2.11.4-GCCcore-12.3.0/bin:/p/software/jusuf/stages/2024/software/ZeroMQ/4.3.4-GCCcore-12.3.0/bin:/p/software/jusuf/stages/2024/software/matplotlib/3.7.2-gcccoreflexiblas-12.3.0-3.3.1/bin:/p/software/jusuf/stages/2024/software/Meson/1.1.1-GCCcore-12.3.0/bin:/p/software/jusuf/stages/2024/software/Ninja/1.11.1-GCCcore-12.3.0/bin:/p/software/jusuf/stages/2024/software/Qhull/2020.2-GCCcore-12.3.0/bin:/p/software/jusuf/stages/2024/software/OpenJPEG/2.5.0-GCCcore-12.3.0/bin:/p/software/jusuf/stages/2024/software/libwebp/1.3.1-GCCcore-12.3.0/bin:/p/software/jusuf/stages/2024/software/giflib/5.2.1-GCCcore-12.3.0/bin:/p/software/jusuf/stages/2024/software/LibTIFF/4.5.0-GCCcore-12.3.0/bin:/p/software/jusuf/stages/2024/software/libdeflate/1.18-GCCcore-12.3.0/bin:/p/software/jusuf/stages/2024/software/zstd/1.5.5-GCCcore-12.3.0/bin:/p/software/jusuf/stages/2024/software/lz4/1.9.4-GCCcore-12.3.0/bin:/p/software/jusuf/stages/2024/software/gzip/1.12-GCCcore-12.3.0/bin:/p/software/jusuf/stages/2024/software/jbigkit/2.1-GCCcore-12.3.0/bin:/p/software/jusuf/stages/2024/software/libjpeg-turbo/2.1.5.1-GCCcore-12.3.0/bin:/p/software/jusuf/stages/2024/software/NASM/2.16.01-GCCcore-12.3.0/bin:/p/software/jusuf/stages/2024/software/Tk/8.6.13-GCCcore-12.3.0/bin:/p/software/jusuf/stages/2024/software/X11/20230603-GCCcore-12.3.0/bin:/p/software/jusuf/stages/2024/software/fontconfig/2.14.2-GCCcore-12.3.0/bin:/p/software/jusuf/stages/2024/software/util-linux/2.39-GCCcore-12.3.0/sbin:/p/software/jusuf/stages/2024/software/util-linux/2.39-GCCcore-12.3.0/bin:/p/software/jusuf/stages/2024/software/expat/2.5.0-GCCcore-12.3.0/bin:/p/software/jusuf/stages/2024/software/freetype/2.13.0-GCCcore-12.3.0/bin:/p/software/jusuf/stages/2024/software/Brotli/1.0.9-GCCcore-12.3.0/bin:/p/software/jusuf/stages/2024/software/libpng/1.6.39-GCCcore-12.3.0/bin:/p/software/jusuf/stages/2024/software/tqdm/4.66.1-GCCcore-12.3.0/bin:/p/software/jusuf/stages/2024/software/numba/0.58.1-GCCcore-12.3.0/bin:/p/software/jusuf/stages/2024/software/CUDA/12/nvvm/bin:/p/software/jusuf/stages/2024/software/CUDA/12/bin:/p/software/jusuf/stages/2024/software/SciPy-bundle/2023.07-gcccoreflexiblas-12.3.0-3.3.1/bin:/p/software/jusuf/stages/2024/software/pybind11/2.11.1-GCCcore-12.3.0/bin:/p/software/jusuf/stages/2024/software/Python-bundle-PyPI/2023.06-GCCcore-12.3.0/bin:/p/software/jusuf/stages/2024/software/virtualenv/20.23.1-GCCcore-12.3.0/bin:/p/software/jusuf/stages/2024/software/FlexiBLAS/3.3.1-GCCcore-12.3.0/bin:/p/software/jusuf/stages/2024/software/Python/3.11.3-GCCcore-12.3.0/bin:/p/software/jusuf/stages/2024/software/OpenSSL/1.1/bin:/p/software/jusuf/stages/2024/software/XZ/5.4.2-GCCcore-12.3.0/bin:/p/software/jusuf/stages/2024/software/SQLite/3.42.0-GCCcore-12.3.0/bin:/p/software/jusuf/stages/2024/software/Tcl/8.6.13-GCCcore-12.3.0/bin:/p/software/jusuf/stages/2024/software/ncurses/6.4-GCCcore-12.3.0/bin:/p/software/jusuf/stages/2024/software/bzip2/1.0.8-GCCcore-12.3.0/bin:/p/software/jusuf/stages/2024/software/binutils/2.40-GCCcore-12.3.0/bin:/p/software/jusuf/stages/2024/software/GCCcore/12.3.0/bin:/p/home/jusers/bazarova1/jusuf/.vscode-server/cli/servers/Stable-dc96b837cf6bb4af9cd736aa3af08cf8279f7685/server/bin/remote-cli:/p/home/jusers/bazarova1/jusuf/.elan/bin:/p/home/jusers/bazarova1/jusuf/.elan/bin:/usr/local/bin:/usr/bin:/usr/local/sbin:/usr/sbin:/opt/ddn/ime/bin:/opt/jsc/bin:/usr/local/jsc/bin:/opt/parastation/bin:/p/software/jusuf/bin:/opt/ddn/ime/bin:/opt/jsc/bin:/usr/local/jsc/bin:/opt/parastation/bin:/p/software/jusuf/bin:/opt/ddn/ime/bin:/opt/jsc/bin:/usr/local/jsc/bin:/opt/parastation/bin:/p/software/jusuf/bin
+++ export PATH
+++ '[' -n '' ']'
+++ '[' -z '' ']'
+++ _OLD_VIRTUAL_PS1=
+++ PS1='(sc_venv_sbi) '
+++ export PS1
+++ VIRTUAL_ENV_PROMPT='(sc_venv_sbi) '
+++ export VIRTUAL_ENV_PROMPT
+++ '[' -n /bin/bash -o -n '' ']'
+++ hash -r
++ scontrol show hostnames jsfc017
+ nodes=jsfc017
+ nodes_array=($nodes)
+ head_node=jsfc017
++ srun --nodes=1 --ntasks=1 -w jsfc017 hostname --ip-address
+ head_node_ip=10.80.97.57
+ [[ 10.80.97.57 == *\ * ]]
+ port=6379
+ ip_head=10.80.97.57:6379
+ export ip_head
+ echo 'IP Head: 10.80.97.57:6379'
+ echo 'Starting HEAD at jsfc017'
+ sleep 10
+ srun --nodes=1 --ntasks=1 -w jsfc017 ray start --head --node-ip-address=10.80.97.57 --port=6379 --num-cpus 96 --block
+ echo ------------------------------------
+ worker_num=0
+ (( i = 1 ))
+ (( i <= worker_num ))
+ python -u pyross_example_script.py
Running 10000 simulations in 50 batches.:   0%|          | 0/50 [00:00<?, ?it/s]2024-05-27 11:28:47,459	INFO ray_backend.py:74 -- Starting local ray cluster
2024-05-27 11:28:47,554	INFO worker.py:1540 -- Connecting to existing Ray cluster at address: 10.80.97.57:6379...
2024-05-27 11:28:47,565	INFO worker.py:1715 -- Connected to Ray cluster. View the dashboard at [1m[32mhttp://127.0.0.1:8265 [39m[22m
2024-05-27 11:29:07,155	WARNING pool.py:589 -- The 'context' argument is not supported using ray. Please refer to the documentation for how to control ray initialization.
Running 10000 simulations in 50 batches.:   0%|          | 0/50 [01:07<?, ?it/s]
Traceback (most recent call last):
  File "/p/project/training2405/bazarova1/sbi_intro/pyross_example_script.py", line 231, in <module>
    theta,x=simulate_for_sbi(simulator2,prior,num_sims,num_workers=-1,simulation_batch_size=200,ray_on=True)
            ^^^^^^^^^^^^^^^^^^^^^^^^^^^^^^^^^^^^^^^^^^^^^^^^^^^^^^^^^^^^^^^^^^^^^^^^^^^^^^^^^^^^^^^^^^^^^^^^
  File "/p/project/training2405/sc_venv_sbi/venv/lib/python3.11/site-packages/sbi/inference/base.py", line 528, in simulate_for_sbi
    x = simulate_in_batches(
        ^^^^^^^^^^^^^^^^^^^^
  File "/p/project/training2405/sc_venv_sbi/venv/lib/python3.11/site-packages/sbi/simulators/simutils.py", line 80, in simulate_in_batches
    simulation_outputs = Parallel(n_jobs=num_workers)(
                         ^^^^^^^^^^^^^^^^^^^^^^^^^^^^^
  File "/p/software/jusuf/stages/2024/software/Python-bundle-PyPI/2023.06-GCCcore-12.3.0/lib/python3.11/site-packages/joblib/parallel.py", line 1098, in __call__
    self.retrieve()
  File "/p/software/jusuf/stages/2024/software/Python-bundle-PyPI/2023.06-GCCcore-12.3.0/lib/python3.11/site-packages/joblib/parallel.py", line 975, in retrieve
    self._output.extend(job.get(timeout=self.timeout))
                        ^^^^^^^^^^^^^^^^^^^^^^^^^^^^^
  File "/p/project/training2405/sc_venv_sbi/venv/lib/python3.11/site-packages/ray/util/multiprocessing/pool.py", line 351, in get
    raise result.underlying
TypeError: The only supported seed types are: None,
int, float, str, bytes, and bytearray.
